<?xml version="1.0" encoding="UTF-8"?>
<testng-results ignored="0" total="1" passed="1" failed="0" skipped="0">
  <reporter-output>
  </reporter-output>
  <suite started-at="2022-04-03T21:19:14 IST" name="Default suite" finished-at="2022-04-03T21:19:33 IST" duration-ms="18849">
    <groups>
    </groups>
    <test started-at="2022-04-03T21:19:14 IST" name="Default test" finished-at="2022-04-03T21:19:33 IST" duration-ms="18849">
      <class name="p1.ExtentReportss">
        <test-method is-config="true" signature="demo2()[pri:0, instance:p1.ExtentReportss@6253c26]" started-at="2022-04-03T21:19:14 IST" name="demo2" finished-at="2022-04-03T21:19:14 IST" duration-ms="481" status="PASS">
          <reporter-output>
          </reporter-output>
        </test-method> <!-- demo2 -->
        <test-method signature="demo()[pri:0, instance:p1.ExtentReportss@6253c26]" started-at="2022-04-03T21:19:14 IST" name="demo" finished-at="2022-04-03T21:19:33 IST" duration-ms="18314" status="PASS">
          <reporter-output>
          </reporter-output>
        </test-method> <!-- demo -->
      </class> <!-- p1.ExtentReportss -->
    </test> <!-- Default test -->
  </suite> <!-- Default suite -->
</testng-results>
